2021-12-03 22:39:59,774 DEBUG Отладочная информация 
2021-12-03 22:39:59,774 INFO Информационное сообщение 
2021-12-03 22:39:59,774 WARNING Предупреждение 
2021-12-03 22:39:59,774 ERROR Ошибка 
2021-12-03 22:39:59,774 CRITICAL Критическое общение 
2021-12-03 22:51:48,459 DEBUG Отладочная информация 
2021-12-03 22:51:48,460 INFO Информационное сообщение 
2021-12-03 22:51:48,460 WARNING Предупреждение 
2021-12-03 22:51:48,460 ERROR Ошибка 
2021-12-03 22:51:48,460 CRITICAL Критическое общение 
2021-12-03 22:52:37,183 DEBUG Отладочная информация 
2021-12-03 22:52:37,184 INFO Информационное сообщение 
2021-12-03 22:52:37,184 WARNING Предупреждение 
2021-12-03 22:52:37,184 ERROR Ошибка 
2021-12-03 22:52:37,184 CRITICAL Критическое общение 
2021-12-03 23:05:40,315 DEBUG Отладочная информация 
2021-12-03 23:05:40,316 INFO Информационное сообщение 
2021-12-03 23:05:40,316 WARNING Предупреждение 
2021-12-03 23:05:40,316 ERROR Ошибка 
2021-12-03 23:05:40,316 CRITICAL Критическое общение 
2021-12-03 23:07:49,942 DEBUG Отладочная информация 
2021-12-03 23:07:49,943 INFO Информационное сообщение 
2021-12-03 23:07:49,943 WARNING Предупреждение 
2021-12-03 23:07:49,943 ERROR Ошибка 
2021-12-03 23:07:49,943 CRITICAL Критическое общение 
